SNS_app/app/build/intermediates/manifest_merge_blame_file/debug/manifest-merger-blame-debug-report.txt
1<?xml version="1.0" encoding="utf-8"?>
2<manifest xmlns:android="http://schemas.android.com/apk/res/android"
3    package="com.example.sns_project"
4    android:versionCode="1"
5    android:versionName="1.0" >
6
7    <uses-sdk
8        android:minSdkVersion="16"
8-->src\main\AndroidManifest.xml
9        android:targetSdkVersion="29" />
9-->src\main\AndroidManifest.xml
10
11    <uses-permission android:name="android.permission.INTERNET" />
11-->src\main\AndroidManifest.xml:4:5-67
11-->src\main\AndroidManifest.xml:4:22-64
12    <uses-permission android:name="android.permission.CAMERA" />
12-->src\main\AndroidManifest.xml:5:5-65
12-->src\main\AndroidManifest.xml:5:22-62
13    <uses-permission android:name="android.permission.READ_EXTERNAL_STORAGE" />
13-->src\main\AndroidManifest.xml:6:5-80
13-->src\main\AndroidManifest.xml:6:22-77
14
15    <uses-feature android:name="android.hardware.camera" />
15-->src\main\AndroidManifest.xml:7:5-60
15-->src\main\AndroidManifest.xml:7:19-57
16    <uses-feature android:name="android.hardware.camera.autofocus" />
16-->src\main\AndroidManifest.xml:8:5-70
16-->src\main\AndroidManifest.xml:8:19-67
17
18    <uses-permission android:name="android.permission.ACCESS_NETWORK_STATE" />
18-->src\main\AndroidManifest.xml:9:5-78
18-->src\main\AndroidManifest.xml:9:22-76
19    <uses-permission android:name="android.permission.ACCESS_FINE_LOCATION" />
19-->src\main\AndroidManifest.xml:10:5-79
19-->src\main\AndroidManifest.xml:10:22-76
20    <uses-permission android:name="android.permission.ACCESS_COARSE_LOCATION" />
20-->src\main\AndroidManifest.xml:11:5-80
20-->src\main\AndroidManifest.xml:11:22-78
21    <uses-permission android:name="android.permission.WRITE_EXTERNAL_STORAGE" />
21-->src\main\AndroidManifest.xml:12:5-80
21-->src\main\AndroidManifest.xml:12:22-78
22
23    <uses-feature
23-->[com.google.android.gms:play-services-maps:17.0.1] AndroidManifest.xml:26:5-28:35
24        android:glEsVersion="0x00020000"
24-->[com.google.android.gms:play-services-maps:17.0.1] AndroidManifest.xml:27:9-41
25        android:required="true" />
25-->[com.google.android.gms:play-services-maps:17.0.1] AndroidManifest.xml:28:9-32
26
27    <queries>
27-->[com.google.android.gms:play-services-maps:17.0.1] AndroidManifest.xml:30:5-34:15
28
29        <!-- Needs to be explicitly declared on Android R+ -->
30        <package android:name="com.google.android.apps.maps" />
30-->[com.google.android.gms:play-services-maps:17.0.1] AndroidManifest.xml:33:9-64
30-->[com.google.android.gms:play-services-maps:17.0.1] AndroidManifest.xml:33:18-61
31    </queries>
32
33    <uses-permission android:name="android.permission.WAKE_LOCK" />
33-->[com.google.android.gms:play-services-measurement-api:19.0.0] AndroidManifest.xml:24:5-68
33-->[com.google.android.gms:play-services-measurement-api:19.0.0] AndroidManifest.xml:24:22-65
34    <uses-permission android:name="com.google.android.finsky.permission.BIND_GET_INSTALL_REFERRER_SERVICE" />
34-->[com.google.android.gms:play-services-measurement:19.0.0] AndroidManifest.xml:26:5-110
34-->[com.google.android.gms:play-services-measurement:19.0.0] AndroidManifest.xml:26:22-107
35
36    <application
36-->src\main\AndroidManifest.xml:14:5-77:19
37        android:name="androidx.multidex.MultiDexApplication"
38        android:allowBackup="true"
38-->src\main\AndroidManifest.xml:15:9-35
39        android:appComponentFactory="androidx.core.app.CoreComponentFactory"
39-->[androidx.core:core:1.3.1] AndroidManifest.xml:24:18-86
40        android:debuggable="true"
41        android:icon="@mipmap/ic_launcher"
41-->src\main\AndroidManifest.xml:16:9-43
42        android:label="@string/app_name"
42-->src\main\AndroidManifest.xml:17:9-41
43        android:roundIcon="@mipmap/ic_launcher_round"
43-->src\main\AndroidManifest.xml:18:9-54
44        android:supportsRtl="true"
44-->src\main\AndroidManifest.xml:19:9-35
45        android:testOnly="true"
46        android:theme="@style/Theme.SNS_Project" >
46-->src\main\AndroidManifest.xml:20:9-49
47        <uses-library
47-->src\main\AndroidManifest.xml:21:9-87
48            android:name="org.apache.http.legacy"
48-->src\main\AndroidManifest.xml:21:23-60
49            android:required="false" />
49-->src\main\AndroidManifest.xml:21:61-85
50
51        <meta-data
51-->src\main\AndroidManifest.xml:23:9-25:71
52            android:name="com.google.android.geo.API_KEY"
52-->src\main\AndroidManifest.xml:24:13-58
53            android:value="AIzaSyBp5rmf_csiF0_BExo6D7f7bKIX9d2LuhE" />
53-->src\main\AndroidManifest.xml:25:13-68
54
55        <uses-library
55-->src\main\AndroidManifest.xml:21:9-87
56            android:name="org.apache.http.legacy"
56-->src\main\AndroidManifest.xml:21:23-60
57            android:required="false" />
57-->src\main\AndroidManifest.xml:21:61-85
58
59        <activity android:name="com.example.sns_project.activity.MainActivity" >
59-->src\main\AndroidManifest.xml:29:9-45:20
59-->src\main\AndroidManifest.xml:29:19-56
60            <intent-filter>
60-->src\main\AndroidManifest.xml:30:13-34:29
61                <action android:name="android.intent.action.MAIN" />
61-->src\main\AndroidManifest.xml:31:17-69
61-->src\main\AndroidManifest.xml:31:25-66
62
63                <category android:name="android.intent.category.LAUNCHER" />
63-->src\main\AndroidManifest.xml:33:17-77
63-->src\main\AndroidManifest.xml:33:27-74
64            </intent-filter>
65            <intent-filter>
65-->src\main\AndroidManifest.xml:35:13-44:29
66                <action android:name="android.intent.action.VIEW" />
66-->src\main\AndroidManifest.xml:36:17-69
66-->src\main\AndroidManifest.xml:36:25-66
67
68                <category android:name="android.intent.category.DEFAULT" />
68-->src\main\AndroidManifest.xml:38:17-76
68-->src\main\AndroidManifest.xml:38:27-73
69                <category android:name="android.intent.category.BROWSABLE" />
69-->src\main\AndroidManifest.xml:39:17-78
69-->src\main\AndroidManifest.xml:39:27-75
70
71                <data
71-->src\main\AndroidManifest.xml:41:17-43:49
72                    android:host="google.com"
72-->src\main\AndroidManifest.xml:43:21-46
73                    android:scheme="http" />
73-->src\main\AndroidManifest.xml:42:21-42
74            </intent-filter>
75        </activity>
76        <activity android:name="com.example.sns_project.activity.LoginActivity" >
76-->src\main\AndroidManifest.xml:46:9-47:20
76-->src\main\AndroidManifest.xml:46:19-57
77        </activity>
78        <activity android:name="com.example.sns_project.activity.SignUpActivity" >
78-->src\main\AndroidManifest.xml:48:9-49:20
78-->src\main\AndroidManifest.xml:48:19-58
79        </activity>
80        <activity android:name="com.example.sns_project.activity.PasswordResetActivity" >
80-->src\main\AndroidManifest.xml:50:9-51:20
80-->src\main\AndroidManifest.xml:50:19-65
81        </activity>
82        <activity android:name="com.example.sns_project.activity.MemberInitActivity" >
82-->src\main\AndroidManifest.xml:52:9-53:20
82-->src\main\AndroidManifest.xml:52:19-62
83        </activity>
84        <activity android:name="com.example.sns_project.activity.CameraActivity" >
84-->src\main\AndroidManifest.xml:54:9-55:20
84-->src\main\AndroidManifest.xml:54:19-58
85        </activity>
86        <activity android:name="com.example.sns_project.activity.GalleryActivity" >
86-->src\main\AndroidManifest.xml:56:9-57:20
86-->src\main\AndroidManifest.xml:56:19-59
87        </activity>
88        <activity android:name="com.example.sns_project.activity.BasicActivity" >
88-->src\main\AndroidManifest.xml:58:9-59:20
88-->src\main\AndroidManifest.xml:58:19-57
89        </activity>
90        <activity android:name="com.example.sns_project.activity.WritePostActivity" >
90-->src\main\AndroidManifest.xml:60:9-61:20
90-->src\main\AndroidManifest.xml:60:19-61
91        </activity>
92        <activity android:name="com.example.sns_project.activity.PostActivity" >
92-->src\main\AndroidManifest.xml:62:9-63:20
92-->src\main\AndroidManifest.xml:62:19-56
93        </activity>
94        <activity android:name="com.example.sns_project.activity.GPSActivity" >
94-->src\main\AndroidManifest.xml:64:9-65:20
94-->src\main\AndroidManifest.xml:64:19-55
95        </activity>
96        <activity android:name="com.example.sns_project.activity.MapsActivity" >
96-->src\main\AndroidManifest.xml:66:9-67:20
96-->src\main\AndroidManifest.xml:66:19-56
97        </activity>
98        <activity android:name="com.example.sns_project.activity.LocationActivity" >
98-->src\main\AndroidManifest.xml:68:9-69:20
98-->src\main\AndroidManifest.xml:68:19-60
99        </activity>
100        <activity
100-->src\main\AndroidManifest.xml:70:9-75:20
101            android:name="com.example.sns_project.activity.ChatActivity"
101-->src\main\AndroidManifest.xml:70:43-80
102            android:exported="true" >
102-->src\main\AndroidManifest.xml:70:19-42
103            <intent-filter>
103-->src\main\AndroidManifest.xml:71:13-74:29
104                <action android:name="android.intent.action.MAIN" />
104-->src\main\AndroidManifest.xml:31:17-69
104-->src\main\AndroidManifest.xml:31:25-66
105
106                <category android:name="android:intent.category.LAUNCHER" />
106-->src\main\AndroidManifest.xml:73:17-76
106-->src\main\AndroidManifest.xml:73:27-74
107            </intent-filter>
108        </activity>
109        <activity
109-->[com.google.firebase:firebase-auth:20.0.4] AndroidManifest.xml:27:9-44:20
110            android:name="com.google.firebase.auth.internal.GenericIdpActivity"
110-->[com.google.firebase:firebase-auth:20.0.4] AndroidManifest.xml:28:13-80
111            android:excludeFromRecents="true"
111-->[com.google.firebase:firebase-auth:20.0.4] AndroidManifest.xml:29:13-46
112            android:exported="true"
112-->[com.google.firebase:firebase-auth:20.0.4] AndroidManifest.xml:30:13-36
113            android:launchMode="singleTask"
113-->[com.google.firebase:firebase-auth:20.0.4] AndroidManifest.xml:31:13-44
114            android:theme="@android:style/Theme.Translucent.NoTitleBar" >
114-->[com.google.firebase:firebase-auth:20.0.4] AndroidManifest.xml:32:13-72
115            <intent-filter>
115-->[com.google.firebase:firebase-auth:20.0.4] AndroidManifest.xml:33:13-43:29
116                <action android:name="android.intent.action.VIEW" />
116-->src\main\AndroidManifest.xml:36:17-69
116-->src\main\AndroidManifest.xml:36:25-66
117
118                <category android:name="android.intent.category.DEFAULT" />
118-->src\main\AndroidManifest.xml:38:17-76
118-->src\main\AndroidManifest.xml:38:27-73
119                <category android:name="android.intent.category.BROWSABLE" />
119-->src\main\AndroidManifest.xml:39:17-78
119-->src\main\AndroidManifest.xml:39:27-75
120
121                <data
121-->src\main\AndroidManifest.xml:41:17-43:49
122                    android:host="firebase.auth"
122-->src\main\AndroidManifest.xml:43:21-46
123                    android:path="/"
124                    android:scheme="genericidp" />
124-->src\main\AndroidManifest.xml:42:21-42
125            </intent-filter>
126        </activity>
127        <activity
127-->[com.google.firebase:firebase-auth:20.0.4] AndroidManifest.xml:45:9-62:20
128            android:name="com.google.firebase.auth.internal.RecaptchaActivity"
128-->[com.google.firebase:firebase-auth:20.0.4] AndroidManifest.xml:46:13-79
129            android:excludeFromRecents="true"
129-->[com.google.firebase:firebase-auth:20.0.4] AndroidManifest.xml:47:13-46
130            android:exported="true"
130-->[com.google.firebase:firebase-auth:20.0.4] AndroidManifest.xml:48:13-36
131            android:launchMode="singleTask"
131-->[com.google.firebase:firebase-auth:20.0.4] AndroidManifest.xml:49:13-44
132            android:theme="@android:style/Theme.Translucent.NoTitleBar" >
132-->[com.google.firebase:firebase-auth:20.0.4] AndroidManifest.xml:50:13-72
133            <intent-filter>
133-->[com.google.firebase:firebase-auth:20.0.4] AndroidManifest.xml:51:13-61:29
134                <action android:name="android.intent.action.VIEW" />
134-->src\main\AndroidManifest.xml:36:17-69
134-->src\main\AndroidManifest.xml:36:25-66
135
136                <category android:name="android.intent.category.DEFAULT" />
136-->src\main\AndroidManifest.xml:38:17-76
136-->src\main\AndroidManifest.xml:38:27-73
137                <category android:name="android.intent.category.BROWSABLE" />
137-->src\main\AndroidManifest.xml:39:17-78
137-->src\main\AndroidManifest.xml:39:27-75
138
139                <data
139-->src\main\AndroidManifest.xml:41:17-43:49
140                    android:host="firebase.auth"
140-->src\main\AndroidManifest.xml:43:21-46
141                    android:path="/"
142                    android:scheme="recaptcha" />
142-->src\main\AndroidManifest.xml:42:21-42
143            </intent-filter>
144        </activity>
145
146        <service
146-->[com.google.firebase:firebase-auth:20.0.4] AndroidManifest.xml:64:9-73:19
147            android:name="com.google.firebase.auth.api.fallback.service.FirebaseAuthFallbackService"
147-->[com.google.firebase:firebase-auth:20.0.4] AndroidManifest.xml:65:13-101
148            android:enabled="true"
148-->[com.google.firebase:firebase-auth:20.0.4] AndroidManifest.xml:66:13-35
149            android:exported="false" >
149-->[com.google.firebase:firebase-auth:20.0.4] AndroidManifest.xml:67:13-37
150            <intent-filter>
150-->[com.google.firebase:firebase-auth:20.0.4] AndroidManifest.xml:68:13-72:29
151                <action android:name="com.google.firebase.auth.api.gms.service.START" />
151-->[com.google.firebase:firebase-auth:20.0.4] AndroidManifest.xml:69:17-89
151-->[com.google.firebase:firebase-auth:20.0.4] AndroidManifest.xml:69:25-86
152
153                <category android:name="android.intent.category.DEFAULT" />
153-->src\main\AndroidManifest.xml:38:17-76
153-->src\main\AndroidManifest.xml:38:27-73
154            </intent-filter>
155        </service>
156        <service
156-->[com.google.firebase:firebase-auth:20.0.4] AndroidManifest.xml:74:9-80:19
157            android:name="com.google.firebase.components.ComponentDiscoveryService"
157-->[com.google.firebase:firebase-auth:20.0.4] AndroidManifest.xml:75:13-84
158            android:directBootAware="true"
158-->[com.google.firebase:firebase-common:20.0.0] AndroidManifest.xml:35:13-43
159            android:exported="false" >
159-->[com.google.firebase:firebase-auth:20.0.4] AndroidManifest.xml:76:13-37
160            <meta-data
160-->[com.google.firebase:firebase-auth:20.0.4] AndroidManifest.xml:77:13-79:85
161                android:name="com.google.firebase.components:com.google.firebase.auth.FirebaseAuthRegistrar"
161-->[com.google.firebase:firebase-auth:20.0.4] AndroidManifest.xml:78:17-109
162                android:value="com.google.firebase.components.ComponentRegistrar" />
162-->[com.google.firebase:firebase-auth:20.0.4] AndroidManifest.xml:79:17-82
163            <meta-data
163-->[com.google.firebase:firebase-storage:19.2.2] AndroidManifest.xml:33:13-35:85
164                android:name="com.google.firebase.components:com.google.firebase.storage.StorageRegistrar"
164-->[com.google.firebase:firebase-storage:19.2.2] AndroidManifest.xml:34:17-107
165                android:value="com.google.firebase.components.ComponentRegistrar" />
165-->[com.google.firebase:firebase-storage:19.2.2] AndroidManifest.xml:35:17-82
166            <meta-data
166-->[com.google.firebase:firebase-firestore:22.1.2] AndroidManifest.xml:20:13-22:85
167                android:name="com.google.firebase.components:com.google.firebase.firestore.FirestoreRegistrar"
167-->[com.google.firebase:firebase-firestore:22.1.2] AndroidManifest.xml:21:17-111
168                android:value="com.google.firebase.components.ComponentRegistrar" />
168-->[com.google.firebase:firebase-firestore:22.1.2] AndroidManifest.xml:22:17-82
169            <meta-data
169-->[com.google.firebase:firebase-database:20.0.0] AndroidManifest.xml:32:13-34:85
170                android:name="com.google.firebase.components:com.google.firebase.database.DatabaseRegistrar"
170-->[com.google.firebase:firebase-database:20.0.0] AndroidManifest.xml:33:17-109
171                android:value="com.google.firebase.components.ComponentRegistrar" />
171-->[com.google.firebase:firebase-database:20.0.0] AndroidManifest.xml:34:17-82
172            <meta-data
172-->[com.google.android.gms:play-services-measurement-api:19.0.0] AndroidManifest.xml:30:13-32:85
173                android:name="com.google.firebase.components:com.google.firebase.analytics.connector.internal.AnalyticsConnectorRegistrar"
173-->[com.google.android.gms:play-services-measurement-api:19.0.0] AndroidManifest.xml:31:17-139
174                android:value="com.google.firebase.components.ComponentRegistrar" />
174-->[com.google.android.gms:play-services-measurement-api:19.0.0] AndroidManifest.xml:32:17-82
175            <meta-data
175-->[com.google.firebase:firebase-installations:17.0.0] AndroidManifest.xml:18:13-20:85
176                android:name="com.google.firebase.components:com.google.firebase.installations.FirebaseInstallationsRegistrar"
176-->[com.google.firebase:firebase-installations:17.0.0] AndroidManifest.xml:19:17-127
177                android:value="com.google.firebase.components.ComponentRegistrar" />
177-->[com.google.firebase:firebase-installations:17.0.0] AndroidManifest.xml:20:17-82
178        </service>
179
180        <provider
180-->[com.google.firebase:firebase-common:20.0.0] AndroidManifest.xml:26:9-31:39
181            android:name="com.google.firebase.provider.FirebaseInitProvider"
181-->[com.google.firebase:firebase-common:20.0.0] AndroidManifest.xml:27:13-77
182            android:authorities="com.example.sns_project.firebaseinitprovider"
182-->[com.google.firebase:firebase-common:20.0.0] AndroidManifest.xml:28:13-72
183            android:directBootAware="true"
183-->[com.google.firebase:firebase-common:20.0.0] AndroidManifest.xml:29:13-43
184            android:exported="false"
184-->[com.google.firebase:firebase-common:20.0.0] AndroidManifest.xml:30:13-37
185            android:initOrder="100" />
185-->[com.google.firebase:firebase-common:20.0.0] AndroidManifest.xml:31:13-36
186
187        <activity
187-->[com.google.android.gms:play-services-base:17.5.0] AndroidManifest.xml:23:9-26:75
188            android:name="com.google.android.gms.common.api.GoogleApiActivity"
188-->[com.google.android.gms:play-services-base:17.5.0] AndroidManifest.xml:24:13-79
189            android:exported="false"
189-->[com.google.android.gms:play-services-base:17.5.0] AndroidManifest.xml:25:13-37
190            android:theme="@android:style/Theme.Translucent.NoTitleBar" />
190-->[com.google.android.gms:play-services-base:17.5.0] AndroidManifest.xml:26:13-72
191
192        <receiver
192-->[com.google.android.gms:play-services-measurement:19.0.0] AndroidManifest.xml:29:9-33:20
193            android:name="com.google.android.gms.measurement.AppMeasurementReceiver"
193-->[com.google.android.gms:play-services-measurement:19.0.0] AndroidManifest.xml:30:13-85
194            android:enabled="true"
194-->[com.google.android.gms:play-services-measurement:19.0.0] AndroidManifest.xml:31:13-35
195            android:exported="false" >
195-->[com.google.android.gms:play-services-measurement:19.0.0] AndroidManifest.xml:32:13-37
196        </receiver>
197
198        <service
198-->[com.google.android.gms:play-services-measurement:19.0.0] AndroidManifest.xml:35:9-38:40
199            android:name="com.google.android.gms.measurement.AppMeasurementService"
199-->[com.google.android.gms:play-services-measurement:19.0.0] AndroidManifest.xml:36:13-84
200            android:enabled="true"
200-->[com.google.android.gms:play-services-measurement:19.0.0] AndroidManifest.xml:37:13-35
201            android:exported="false" />
201-->[com.google.android.gms:play-services-measurement:19.0.0] AndroidManifest.xml:38:13-37
202        <service
202-->[com.google.android.gms:play-services-measurement:19.0.0] AndroidManifest.xml:39:9-43:72
203            android:name="com.google.android.gms.measurement.AppMeasurementJobService"
203-->[com.google.android.gms:play-services-measurement:19.0.0] AndroidManifest.xml:40:13-87
204            android:enabled="true"
204-->[com.google.android.gms:play-services-measurement:19.0.0] AndroidManifest.xml:41:13-35
205            android:exported="false"
205-->[com.google.android.gms:play-services-measurement:19.0.0] AndroidManifest.xml:42:13-37
206            android:permission="android.permission.BIND_JOB_SERVICE" />
206-->[com.google.android.gms:play-services-measurement:19.0.0] AndroidManifest.xml:43:13-69
207
208        <meta-data
208-->[com.google.android.gms:play-services-basement:17.5.0] AndroidManifest.xml:23:9-25:69
209            android:name="com.google.android.gms.version"
209-->[com.google.android.gms:play-services-basement:17.5.0] AndroidManifest.xml:24:13-58
210            android:value="@integer/google_play_services_version" />
210-->[com.google.android.gms:play-services-basement:17.5.0] AndroidManifest.xml:25:13-66
211    </application>
212
213</manifest>